time=2021-09-23T15:19:53+08:00 level=info msg=初始化日志成功 func=main.init.0 file=D:/mixlxgWifeErp/weixin/smallRoutine/init.go:42
time=2021-09-23T15:19:53+08:00 level=info msg=开始初始化数据库链接 func=main.init.0 file=D:/mixlxgWifeErp/weixin/smallRoutine/init.go:44
time=2021-09-23T15:19:53+08:00 level=info msg=初始化数据库成功 func=main.init.0 file=D:/mixlxgWifeErp/weixin/smallRoutine/init.go:49
time=2021-09-23T15:19:53+08:00 level=error msg=初始化redis session 存储失败，报错信息：dial tcp: address 192.168.43.9: missing port in address func=main.init.0 file=D:/mixlxgWifeErp/weixin/smallRoutine/init.go:58
time=2021-09-23T15:22:52+08:00 level=info msg=初始化日志成功 func=main.init.0 file=D:/mixlxgWifeErp/weixin/smallRoutine/init.go:42
time=2021-09-23T15:22:52+08:00 level=info msg=开始初始化数据库链接 func=main.init.0 file=D:/mixlxgWifeErp/weixin/smallRoutine/init.go:44
time=2021-09-23T15:22:52+08:00 level=info msg=初始化数据库成功 func=main.init.0 file=D:/mixlxgWifeErp/weixin/smallRoutine/init.go:49
time=2021-09-23T15:22:52+08:00 level=error msg=初始化redis session 存储失败，报错信息：dial tcp: lookup tcp/ᣫ: getaddrinfow: The specified class was not found. func=main.init.0 file=D:/mixlxgWifeErp/weixin/smallRoutine/init.go:58
time=2021-09-23T15:26:00+08:00 level=info msg=初始化日志成功 func=main.init.0 file=D:/mixlxgWifeErp/weixin/smallRoutine/init.go:42
time=2021-09-23T15:26:00+08:00 level=info msg=开始初始化数据库链接 func=main.init.0 file=D:/mixlxgWifeErp/weixin/smallRoutine/init.go:44
time=2021-09-23T15:26:00+08:00 level=info msg=初始化数据库成功 func=main.init.0 file=D:/mixlxgWifeErp/weixin/smallRoutine/init.go:49
time=2021-09-23T15:26:00+08:00 level=error msg=初始化redis session 存储失败，报错信息：dial tcp: lookup tcp/ᣫ: getaddrinfow: The specified class was not found. func=main.init.0 file=D:/mixlxgWifeErp/weixin/smallRoutine/init.go:58
time=2021-09-23T15:29:37+08:00 level=info msg=初始化日志成功 func=main.init.0 file=D:/mixlxgWifeErp/weixin/smallRoutine/init.go:42
time=2021-09-23T15:29:37+08:00 level=info msg=开始初始化数据库链接 func=main.init.0 file=D:/mixlxgWifeErp/weixin/smallRoutine/init.go:44
time=2021-09-23T15:29:37+08:00 level=info msg=初始化数据库成功 func=main.init.0 file=D:/mixlxgWifeErp/weixin/smallRoutine/init.go:49
time=2021-09-23T15:29:37+08:00 level=info msg=addr192.168.43.9:ᣫ func=main.init.0 file=D:/mixlxgWifeErp/weixin/smallRoutine/init.go:57
time=2021-09-23T15:29:37+08:00 level=info func=main.init.0 file=D:/mixlxgWifeErp/weixin/smallRoutine/init.go:58
time=2021-09-23T15:29:37+08:00 level=error msg=初始化redis session 存储失败，报错信息：dial tcp: lookup tcp/ᣫ: getaddrinfow: The specified class was not found. func=main.init.0 file=D:/mixlxgWifeErp/weixin/smallRoutine/init.go:60
time=2021-09-23T15:33:22+08:00 level=info msg=初始化日志成功 func=main.init.0 file=D:/mixlxgWifeErp/weixin/smallRoutine/init.go:43
time=2021-09-23T15:33:22+08:00 level=info msg=开始初始化数据库链接 func=main.init.0 file=D:/mixlxgWifeErp/weixin/smallRoutine/init.go:45
time=2021-09-23T15:33:22+08:00 level=info msg=初始化数据库成功 func=main.init.0 file=D:/mixlxgWifeErp/weixin/smallRoutine/init.go:50
time=2021-09-23T15:33:22+08:00 level=info msg=addr192.168.43.9:6379 func=main.init.0 file=D:/mixlxgWifeErp/weixin/smallRoutine/init.go:58
time=2021-09-23T15:33:22+08:00 level=error msg=初始化redis session 存储失败，报错信息：dial tcp: lookup tcp/ᣫ: getaddrinfow: The specified class was not found. func=main.init.0 file=D:/mixlxgWifeErp/weixin/smallRoutine/init.go:60
time=2021-09-23T15:34:47+08:00 level=info msg=初始化日志成功 func=main.init.0 file=D:/mixlxgWifeErp/weixin/smallRoutine/init.go:43
time=2021-09-23T15:34:47+08:00 level=info msg=开始初始化数据库链接 func=main.init.0 file=D:/mixlxgWifeErp/weixin/smallRoutine/init.go:45
time=2021-09-23T15:34:47+08:00 level=info msg=初始化数据库成功 func=main.init.0 file=D:/mixlxgWifeErp/weixin/smallRoutine/init.go:50
time=2021-09-23T15:34:47+08:00 level=info msg=addr192.168.43.9:6379 func=main.init.0 file=D:/mixlxgWifeErp/weixin/smallRoutine/init.go:58
time=2021-09-23T15:34:47+08:00 level=info msg=类型："" func=main.init.0 file=D:/mixlxgWifeErp/weixin/smallRoutine/init.go:59
time=2021-09-23T15:34:47+08:00 level=error msg=初始化redis session 存储失败，报错信息：dial tcp: lookup tcp/ᣫ: getaddrinfow: The specified class was not found. func=main.init.0 file=D:/mixlxgWifeErp/weixin/smallRoutine/init.go:61
time=2021-09-23T15:36:11+08:00 level=info msg=初始化日志成功 func=main.init.0 file=D:/mixlxgWifeErp/weixin/smallRoutine/init.go:43
time=2021-09-23T15:36:11+08:00 level=info msg=开始初始化数据库链接 func=main.init.0 file=D:/mixlxgWifeErp/weixin/smallRoutine/init.go:45
time=2021-09-23T15:36:11+08:00 level=info msg=初始化数据库成功 func=main.init.0 file=D:/mixlxgWifeErp/weixin/smallRoutine/init.go:50
time=2021-09-23T15:37:13+08:00 level=info msg=获取到code值为：%s func=smallRoutine/views.Login.func1 file=D:/mixlxgWifeErp/weixin/smallRoutine/views/User.go:14
time=2021-09-23T15:39:11+08:00 level=info msg=初始化日志成功 func=main.init.0 file=D:/mixlxgWifeErp/weixin/smallRoutine/init.go:43
time=2021-09-23T15:39:11+08:00 level=info msg=开始初始化数据库链接 func=main.init.0 file=D:/mixlxgWifeErp/weixin/smallRoutine/init.go:45
time=2021-09-23T15:39:11+08:00 level=info msg=初始化数据库成功 func=main.init.0 file=D:/mixlxgWifeErp/weixin/smallRoutine/init.go:50
time=2021-09-23T15:39:16+08:00 level=info msg=获取到code值为："" func=smallRoutine/views.Login.func1 file=D:/mixlxgWifeErp/weixin/smallRoutine/views/User.go:14
time=2021-09-23T15:48:26+08:00 level=info msg=初始化日志成功 func=main.init.0 file=D:/mixlxgWifeErp/weixin/smallRoutine/init.go:43
time=2021-09-23T15:48:26+08:00 level=info msg=开始初始化数据库链接 func=main.init.0 file=D:/mixlxgWifeErp/weixin/smallRoutine/init.go:45
time=2021-09-23T15:48:26+08:00 level=info msg=初始化数据库成功 func=main.init.0 file=D:/mixlxgWifeErp/weixin/smallRoutine/init.go:50
time=2021-09-23T15:49:23+08:00 level=info msg=初始化日志成功 func=main.init.0 file=D:/mixlxgWifeErp/weixin/smallRoutine/init.go:43
time=2021-09-23T15:49:23+08:00 level=info msg=开始初始化数据库链接 func=main.init.0 file=D:/mixlxgWifeErp/weixin/smallRoutine/init.go:45
time=2021-09-23T15:49:23+08:00 level=info msg=初始化数据库成功 func=main.init.0 file=D:/mixlxgWifeErp/weixin/smallRoutine/init.go:50
time=2021-09-23T15:50:12+08:00 level=info msg=初始化日志成功 func=main.init.0 file=D:/mixlxgWifeErp/weixin/smallRoutine/init.go:43
time=2021-09-23T15:50:12+08:00 level=info msg=开始初始化数据库链接 func=main.init.0 file=D:/mixlxgWifeErp/weixin/smallRoutine/init.go:45
time=2021-09-23T15:50:12+08:00 level=info msg=初始化数据库成功 func=main.init.0 file=D:/mixlxgWifeErp/weixin/smallRoutine/init.go:50
time=2021-09-23T15:50:57+08:00 level=info msg=获取到code值为："" func=smallRoutine/views.Login.func1 file=D:/mixlxgWifeErp/weixin/smallRoutine/views/User.go:14
time=2021-09-24T11:19:22+08:00 level=info msg=初始化日志成功 func=main.init.0 file=D:/mixlxgWifeErp/weixin/smallRoutine/init.go:43
time=2021-09-24T11:19:22+08:00 level=info msg=开始初始化数据库链接 func=main.init.0 file=D:/mixlxgWifeErp/weixin/smallRoutine/init.go:45
time=2021-09-24T11:19:22+08:00 level=info msg=初始化数据库成功 func=main.init.0 file=D:/mixlxgWifeErp/weixin/smallRoutine/init.go:50
time=2021-09-24T11:22:47+08:00 level=info msg=初始化日志成功 func=main.init.0 file=D:/mixlxgWifeErp/weixin/smallRoutine/init.go:43
time=2021-09-24T11:22:47+08:00 level=info msg=开始初始化数据库链接 func=main.init.0 file=D:/mixlxgWifeErp/weixin/smallRoutine/init.go:45
time=2021-09-24T11:22:47+08:00 level=info msg=初始化数据库成功 func=main.init.0 file=D:/mixlxgWifeErp/weixin/smallRoutine/init.go:50
time=2021-09-24T11:28:29+08:00 level=info msg=初始化日志成功 func=main.init.0 file=D:/mixlxgWifeErp/weixin/smallRoutine/init.go:43
time=2021-09-24T11:28:29+08:00 level=info msg=开始初始化数据库链接 func=main.init.0 file=D:/mixlxgWifeErp/weixin/smallRoutine/init.go:45
time=2021-09-24T11:28:29+08:00 level=info msg=初始化数据库成功 func=main.init.0 file=D:/mixlxgWifeErp/weixin/smallRoutine/init.go:50
time=2021-09-24T11:30:29+08:00 level=info msg=获取到code值为："" func=smallRoutine/views.Login.func1 file=D:/mixlxgWifeErp/weixin/smallRoutine/views/User.go:14
time=2021-09-26T14:14:20+08:00 level=info msg=初始化日志成功 func=main.init.0 file=D:/mixlxgWifeErp/weixin/smallRoutine/init.go:47
time=2021-09-26T14:14:20+08:00 level=info msg=开始初始化数据库链接 func=main.init.0 file=D:/mixlxgWifeErp/weixin/smallRoutine/init.go:49
time=2021-09-26T14:14:20+08:00 level=info msg=初始化数据库成功 func=main.init.0 file=D:/mixlxgWifeErp/weixin/smallRoutine/init.go:54
time=2021-10-13T14:50:08+08:00 level=info msg=初始化日志成功 func=main.init.0 file=D:/mixlxgWifeErp/weixin/smallRoutine/init.go:47
time=2021-10-13T14:50:08+08:00 level=info msg=开始初始化数据库链接 func=main.init.0 file=D:/mixlxgWifeErp/weixin/smallRoutine/init.go:49
time=2021-10-13T14:50:08+08:00 level=info msg=初始化数据库成功 func=main.init.0 file=D:/mixlxgWifeErp/weixin/smallRoutine/init.go:54
time=2021-10-13T14:51:01+08:00 level=info msg=初始化日志成功 func=main.init.0 file=D:/mixlxgWifeErp/weixin/smallRoutine/init.go:47
time=2021-10-13T14:51:01+08:00 level=info msg=开始初始化数据库链接 func=main.init.0 file=D:/mixlxgWifeErp/weixin/smallRoutine/init.go:49
time=2021-10-13T14:51:01+08:00 level=info msg=初始化数据库成功 func=main.init.0 file=D:/mixlxgWifeErp/weixin/smallRoutine/init.go:54
time=2021-10-13T14:55:54+08:00 level=info msg=初始化日志成功 func=main.init.0 file=D:/mixlxgWifeErp/weixin/smallRoutine/init.go:47
time=2021-10-13T14:55:54+08:00 level=info msg=开始初始化数据库链接 func=main.init.0 file=D:/mixlxgWifeErp/weixin/smallRoutine/init.go:49
time=2021-10-13T14:55:54+08:00 level=info msg=初始化数据库成功 func=main.init.0 file=D:/mixlxgWifeErp/weixin/smallRoutine/init.go:54
time=2021-10-13T14:58:24+08:00 level=info msg=初始化日志成功 func=main.init.0 file=D:/mixlxgWifeErp/weixin/smallRoutine/init.go:47
time=2021-10-13T14:58:24+08:00 level=info msg=开始初始化数据库链接 func=main.init.0 file=D:/mixlxgWifeErp/weixin/smallRoutine/init.go:49
time=2021-10-13T14:58:24+08:00 level=info msg=初始化数据库成功 func=main.init.0 file=D:/mixlxgWifeErp/weixin/smallRoutine/init.go:54
time=2021-10-13T16:12:12+08:00 level=info msg=初始化日志成功 func=main.init.0 file=D:/mixlxgWifeErp/weixin/smallRoutine/init.go:47
time=2021-10-13T16:12:12+08:00 level=info msg=开始初始化数据库链接 func=main.init.0 file=D:/mixlxgWifeErp/weixin/smallRoutine/init.go:49
time=2021-10-13T16:12:12+08:00 level=info msg=初始化数据库成功 func=main.init.0 file=D:/mixlxgWifeErp/weixin/smallRoutine/init.go:54
time=2021-10-14T16:58:35+08:00 level=info msg=初始化日志成功 func=main.init.0 file=D:/mixlxgWifeErp/weixin/smallRoutine/init.go:47
time=2021-10-14T16:58:35+08:00 level=info msg=开始初始化数据库链接 func=main.init.0 file=D:/mixlxgWifeErp/weixin/smallRoutine/init.go:49
time=2021-10-14T16:58:35+08:00 level=info msg=初始化数据库成功 func=main.init.0 file=D:/mixlxgWifeErp/weixin/smallRoutine/init.go:54
time=2021-10-14T16:59:47+08:00 level=error msg=username,password,code不能存在为空情况 func=smallRoutine/views.Login.func1 file=D:/mixlxgWifeErp/weixin/smallRoutine/views/User.go:24
time=2021-10-14T16:59:47+08:00 level=error msg=在数据库校验username:,password:是报错，错误信息：Error 1054: Unknown column 'D41D8CD98F00B204E9800998ECF8427E' in 'where clause' func=smallRoutine/views.Login.func1 file=D:/mixlxgWifeErp/weixin/smallRoutine/views/User.go:43
time=2021-10-14T16:59:47+08:00 level=error msg=访问微信小程序登录接口失败，username:,password:,code:，错误信息：Get "https://api.weixin.qq.com/sns/jscode2session?appid=asdfasdf&grant_type=authorization_code&js_code=&secret=asdfasdf": context deadline exceeded (Client.Timeout exceeded while awaiting headers) func=smallRoutine/views.Login.func1 file=D:/mixlxgWifeErp/weixin/smallRoutine/views/User.go:56
time=2021-10-14T17:01:59+08:00 level=error msg=username,password,code不能存在为空情况 func=smallRoutine/views.Login.func1 file=D:/mixlxgWifeErp/weixin/smallRoutine/views/User.go:24
time=2021-10-14T17:01:59+08:00 level=error msg=在数据库校验username:,password:是报错，错误信息：Error 1054: Unknown column 'D41D8CD98F00B204E9800998ECF8427E' in 'where clause' func=smallRoutine/views.Login.func1 file=D:/mixlxgWifeErp/weixin/smallRoutine/views/User.go:43
time=2021-10-14T17:01:59+08:00 level=error msg=访问微信小程序登录接口失败，username:,password:,code:，错误信息：Get "https://api.weixin.qq.com/sns/jscode2session?appid=asdfasdf&grant_type=authorization_code&js_code=&secret=asdfasdf": context deadline exceeded (Client.Timeout exceeded while awaiting headers) func=smallRoutine/views.Login.func1 file=D:/mixlxgWifeErp/weixin/smallRoutine/views/User.go:56
time=2021-10-14T17:06:06+08:00 level=info msg=初始化日志成功 func=main.init.0 file=D:/mixlxgWifeErp/weixin/smallRoutine/init.go:47
time=2021-10-14T17:06:06+08:00 level=info msg=开始初始化数据库链接 func=main.init.0 file=D:/mixlxgWifeErp/weixin/smallRoutine/init.go:49
time=2021-10-14T17:06:06+08:00 level=info msg=初始化数据库成功 func=main.init.0 file=D:/mixlxgWifeErp/weixin/smallRoutine/init.go:54
time=2021-10-14T17:06:10+08:00 level=error msg=username,password,code不能存在为空情况 func=smallRoutine/views.Login.func1 file=D:/mixlxgWifeErp/weixin/smallRoutine/views/User.go:24
time=2021-10-14T17:20:39+08:00 level=info msg=初始化日志成功 func=main.init.0 file=D:/mixlxgWifeErp/weixin/smallRoutine/init.go:47
time=2021-10-14T17:20:39+08:00 level=info msg=开始初始化数据库链接 func=main.init.0 file=D:/mixlxgWifeErp/weixin/smallRoutine/init.go:49
time=2021-10-14T17:20:39+08:00 level=info msg=初始化数据库成功 func=main.init.0 file=D:/mixlxgWifeErp/weixin/smallRoutine/init.go:54
time=2021-10-14T17:21:34+08:00 level=error msg=在数据库校验username:test1,password:gangzi2010是报错，错误信息：Error 1054: Unknown column 'E9C98C7556481D33ABDEB8BC39907402' in 'where clause' func=smallRoutine/views.Login.func1 file=D:/mixlxgWifeErp/weixin/smallRoutine/views/User.go:45
time=2021-10-14T17:24:24+08:00 level=info msg=初始化日志成功 func=main.init.0 file=D:/mixlxgWifeErp/weixin/smallRoutine/init.go:47
time=2021-10-14T17:24:24+08:00 level=info msg=开始初始化数据库链接 func=main.init.0 file=D:/mixlxgWifeErp/weixin/smallRoutine/init.go:49
time=2021-10-14T17:24:24+08:00 level=info msg=初始化数据库成功 func=main.init.0 file=D:/mixlxgWifeErp/weixin/smallRoutine/init.go:54
time=2021-10-14T17:24:52+08:00 level=error msg=访问微信小程序登录接口失败，username:test1,password:gangzi2010,code:111111111111111111，错误信息：Get "https://api.weixin.qq.com/sns/jscode2session?appid=asdfasdf&grant_type=authorization_code&js_code=111111111111111111&secret=asdfasdf": context deadline exceeded (Client.Timeout exceeded while awaiting headers) func=smallRoutine/views.Login.func1 file=D:/mixlxgWifeErp/weixin/smallRoutine/views/User.go:59
time=2021-10-15T09:17:54+08:00 level=info msg=初始化日志成功 func=main.init.0 file=D:/mixlxgWifeErp/weixin/smallRoutine/init.go:47
time=2021-10-15T09:17:55+08:00 level=info msg=开始初始化数据库链接 func=main.init.0 file=D:/mixlxgWifeErp/weixin/smallRoutine/init.go:49
time=2021-10-15T09:17:55+08:00 level=info msg=初始化数据库成功 func=main.init.0 file=D:/mixlxgWifeErp/weixin/smallRoutine/init.go:54
time=2021-10-15T11:11:59+08:00 level=info msg=初始化日志成功 func=main.init.0 file=D:/mixlxgWifeErp/weixin/smallRoutine/init.go:47
time=2021-10-15T11:11:59+08:00 level=info msg=开始初始化数据库链接 func=main.init.0 file=D:/mixlxgWifeErp/weixin/smallRoutine/init.go:49
time=2021-10-15T11:11:59+08:00 level=info msg=初始化数据库成功 func=main.init.0 file=D:/mixlxgWifeErp/weixin/smallRoutine/init.go:54
time=2021-10-15T11:16:41+08:00 level=info msg=初始化日志成功 func=main.init.0 file=D:/mixlxgWifeErp/weixin/smallRoutine/init.go:47
time=2021-10-15T11:16:41+08:00 level=info msg=开始初始化数据库链接 func=main.init.0 file=D:/mixlxgWifeErp/weixin/smallRoutine/init.go:49
time=2021-10-15T11:16:41+08:00 level=info msg=初始化数据库成功 func=main.init.0 file=D:/mixlxgWifeErp/weixin/smallRoutine/init.go:54
time=2021-10-15T11:18:44+08:00 level=info msg=初始化日志成功 func=main.init.0 file=D:/mixlxgWifeErp/weixin/smallRoutine/init.go:47
time=2021-10-15T11:18:44+08:00 level=info msg=开始初始化数据库链接 func=main.init.0 file=D:/mixlxgWifeErp/weixin/smallRoutine/init.go:49
time=2021-10-15T11:18:44+08:00 level=info msg=初始化数据库成功 func=main.init.0 file=D:/mixlxgWifeErp/weixin/smallRoutine/init.go:54
time=2021-10-15T11:19:33+08:00 level=info msg=初始化日志成功 func=main.init.0 file=D:/mixlxgWifeErp/weixin/smallRoutine/init.go:47
time=2021-10-15T11:19:33+08:00 level=info msg=开始初始化数据库链接 func=main.init.0 file=D:/mixlxgWifeErp/weixin/smallRoutine/init.go:49
time=2021-10-15T11:19:33+08:00 level=info msg=初始化数据库成功 func=main.init.0 file=D:/mixlxgWifeErp/weixin/smallRoutine/init.go:54
time=2021-10-15T11:25:12+08:00 level=info msg=初始化日志成功 func=main.init.0 file=D:/mixlxgWifeErp/weixin/smallRoutine/init.go:47
time=2021-10-15T11:25:12+08:00 level=info msg=开始初始化数据库链接 func=main.init.0 file=D:/mixlxgWifeErp/weixin/smallRoutine/init.go:49
time=2021-10-15T11:25:12+08:00 level=info msg=初始化数据库成功 func=main.init.0 file=D:/mixlxgWifeErp/weixin/smallRoutine/init.go:54
time=2021-10-15T11:45:31+08:00 level=info msg=初始化日志成功 func=main.init.0 file=D:/mixlxgWifeErp/weixin/smallRoutine/init.go:47
time=2021-10-15T11:45:31+08:00 level=info msg=开始初始化数据库链接 func=main.init.0 file=D:/mixlxgWifeErp/weixin/smallRoutine/init.go:49
time=2021-10-15T11:45:31+08:00 level=info msg=初始化数据库成功 func=main.init.0 file=D:/mixlxgWifeErp/weixin/smallRoutine/init.go:54
time=2021-10-15T11:45:40+08:00 level=error msg=用户名：%s 或者密码不正确，请重新输入用户密码test1 func=smallRoutine/views.ModifyPwd.func1 file=D:/mixlxgWifeErp/weixin/smallRoutine/views/User.go:168
time=2021-10-15T14:14:24+08:00 level=error msg=用户名：%s 或者密码不正确，请重新输入用户密码test1 func=smallRoutine/views.ModifyPwd.func1 file=D:/mixlxgWifeErp/weixin/smallRoutine/views/User.go:168
time=2021-10-15T14:15:02+08:00 level=error msg=用户名：%s 或者密码不正确，请重新输入用户密码test1 func=smallRoutine/views.ModifyPwd.func1 file=D:/mixlxgWifeErp/weixin/smallRoutine/views/User.go:168
time=2021-10-15T14:45:06+08:00 level=info msg=初始化日志成功 func=main.init.0 file=D:/mixlxgWifeErp/weixin/smallRoutine/init.go:47
time=2021-10-15T14:45:06+08:00 level=info msg=开始初始化数据库链接 func=main.init.0 file=D:/mixlxgWifeErp/weixin/smallRoutine/init.go:49
time=2021-10-15T14:45:06+08:00 level=info msg=初始化数据库成功 func=main.init.0 file=D:/mixlxgWifeErp/weixin/smallRoutine/init.go:54
time=2021-10-15T14:45:35+08:00 level=info msg=修改用户:test1 密码成功 func=smallRoutine/views.ModifyPwd.func1 file=D:/mixlxgWifeErp/weixin/smallRoutine/views/User.go:222
time=2021-10-15T15:04:08+08:00 level=info msg=初始化日志成功 func=main.init.0 file=D:/mixlxgWifeErp/weixin/smallRoutine/init.go:47
time=2021-10-15T15:04:08+08:00 level=info msg=开始初始化数据库链接 func=main.init.0 file=D:/mixlxgWifeErp/weixin/smallRoutine/init.go:49
time=2021-10-15T15:04:08+08:00 level=info msg=初始化数据库成功 func=main.init.0 file=D:/mixlxgWifeErp/weixin/smallRoutine/init.go:54
time=2021-10-15T15:04:20+08:00 level=error msg=用户:test1 非法修改用户：test2的密码 func=smallRoutine/views.ModifyPwd.func1 file=D:/mixlxgWifeErp/weixin/smallRoutine/views/User.go:168
time=2021-10-15T15:04:20+08:00 level=info msg=修改用户:test2 密码成功 func=smallRoutine/views.ModifyPwd.func1 file=D:/mixlxgWifeErp/weixin/smallRoutine/views/User.go:232
time=2021-10-15T15:04:41+08:00 level=error msg=用户:test1 非法修改用户：test2的密码 func=smallRoutine/views.ModifyPwd.func1 file=D:/mixlxgWifeErp/weixin/smallRoutine/views/User.go:168
time=2021-10-15T15:04:41+08:00 level=error msg=用户名：test2 或者密码不正确，请重新输入用户密码 func=smallRoutine/views.ModifyPwd.func1 file=D:/mixlxgWifeErp/weixin/smallRoutine/views/User.go:179
time=2021-10-15T15:04:58+08:00 level=info msg=初始化日志成功 func=main.init.0 file=D:/mixlxgWifeErp/weixin/smallRoutine/init.go:47
time=2021-10-15T15:04:58+08:00 level=info msg=开始初始化数据库链接 func=main.init.0 file=D:/mixlxgWifeErp/weixin/smallRoutine/init.go:49
time=2021-10-15T15:04:58+08:00 level=info msg=初始化数据库成功 func=main.init.0 file=D:/mixlxgWifeErp/weixin/smallRoutine/init.go:54
time=2021-10-15T15:05:00+08:00 level=error msg=用户:test1 非法修改用户：test2的密码 func=smallRoutine/views.ModifyPwd.func1 file=D:/mixlxgWifeErp/weixin/smallRoutine/views/User.go:168
time=2021-10-15T15:05:19+08:00 level=error msg=用户:test1 非法修改用户：test2的密码 func=smallRoutine/views.ModifyPwd.func1 file=D:/mixlxgWifeErp/weixin/smallRoutine/views/User.go:168
time=2021-10-15T15:06:32+08:00 level=error msg=修改用户test1密码失败，错误信息：Error 1264: Out of range value for column 'w_phone' at row 1 func=smallRoutine/views.ModifyPwd.func1 file=D:/mixlxgWifeErp/weixin/smallRoutine/views/User.go:226
time=2021-10-15T15:12:34+08:00 level=info msg=初始化日志成功 func=main.init.0 file=D:/mixlxgWifeErp/weixin/smallRoutine/init.go:47
time=2021-10-15T15:12:34+08:00 level=info msg=开始初始化数据库链接 func=main.init.0 file=D:/mixlxgWifeErp/weixin/smallRoutine/init.go:49
time=2021-10-15T15:12:34+08:00 level=info msg=初始化数据库成功 func=main.init.0 file=D:/mixlxgWifeErp/weixin/smallRoutine/init.go:54
time=2021-10-15T15:13:00+08:00 level=info msg=初始化日志成功 func=main.init.0 file=D:/mixlxgWifeErp/weixin/smallRoutine/init.go:47
time=2021-10-15T15:13:00+08:00 level=info msg=开始初始化数据库链接 func=main.init.0 file=D:/mixlxgWifeErp/weixin/smallRoutine/init.go:49
time=2021-10-15T15:13:00+08:00 level=info msg=初始化数据库成功 func=main.init.0 file=D:/mixlxgWifeErp/weixin/smallRoutine/init.go:54
